<?xml version="1.0" encoding="UTF-8"?>
<testng-results ignored="0" total="3" passed="3" failed="0" skipped="0">
  <reporter-output>
  </reporter-output>
  <suite started-at="2020-05-14T01:16:43 IST" name="Default suite" finished-at="2020-05-14T01:16:43 IST" duration-ms="50">
    <groups>
    </groups>
    <test started-at="2020-05-14T01:16:43 IST" name="Default test" finished-at="2020-05-14T01:16:43 IST" duration-ms="50">
      <class name="testng.TestTestng">
        <test-method signature="f()[pri:0, instance:testng.TestTestng@1356d4d4]" started-at="2020-05-14T01:16:43 IST" name="f" finished-at="2020-05-14T01:16:43 IST" duration-ms="10" status="PASS">
          <reporter-output>
          </reporter-output>
        </test-method> <!-- f -->
        <test-method signature="f2()[pri:1, instance:testng.TestTestng@1356d4d4]" started-at="2020-05-14T01:16:43 IST" name="f2" finished-at="2020-05-14T01:16:43 IST" duration-ms="1" status="PASS">
          <reporter-output>
          </reporter-output>
        </test-method> <!-- f2 -->
        <test-method signature="f1()[pri:100, instance:testng.TestTestng@1356d4d4]" started-at="2020-05-14T01:16:43 IST" name="f1" finished-at="2020-05-14T01:16:43 IST" duration-ms="1" status="PASS">
          <reporter-output>
          </reporter-output>
        </test-method> <!-- f1 -->
      </class> <!-- testng.TestTestng -->
    </test> <!-- Default test -->
  </suite> <!-- Default suite -->
</testng-results>
