<?xml version="1.0" encoding="UTF-8"?>
<testng-results ignored="0" total="1" passed="1" failed="0" skipped="0">
  <reporter-output>
  </reporter-output>
  <suite started-at="2020-06-05T17:41:53 IST" name="Default suite" finished-at="2020-06-05T17:41:53 IST" duration-ms="35">
    <groups>
    </groups>
    <test started-at="2020-06-05T17:41:53 IST" name="Default test" finished-at="2020-06-05T17:41:53 IST" duration-ms="35">
      <class name="testng.TestTestng">
        <test-method is-config="true" signature="beforeMethod()[pri:0, instance:testng.TestTestng@6a6afff2]" started-at="2020-06-05T17:41:53 IST" name="beforeMethod" finished-at="2020-06-05T17:41:53 IST" duration-ms="4" status="PASS">
          <reporter-output>
          </reporter-output>
        </test-method> <!-- beforeMethod -->
        <test-method signature="first()[pri:0, instance:testng.TestTestng@6a6afff2]" started-at="2020-06-05T17:41:53 IST" name="first" finished-at="2020-06-05T17:41:53 IST" duration-ms="4" status="PASS">
          <reporter-output>
          </reporter-output>
        </test-method> <!-- first -->
        <test-method is-config="true" signature="AfterMethod()[pri:0, instance:testng.TestTestng@6a6afff2]" started-at="2020-06-05T17:41:53 IST" name="AfterMethod" finished-at="2020-06-05T17:41:53 IST" duration-ms="0" status="PASS">
          <reporter-output>
          </reporter-output>
        </test-method> <!-- AfterMethod -->
        <test-method is-config="true" signature="afterTest()[pri:0, instance:testng.TestTestng@6a6afff2]" started-at="2020-06-05T17:41:53 IST" name="afterTest" finished-at="2020-06-05T17:41:53 IST" duration-ms="1" status="PASS">
          <reporter-output>
          </reporter-output>
        </test-method> <!-- afterTest -->
      </class> <!-- testng.TestTestng -->
    </test> <!-- Default test -->
  </suite> <!-- Default suite -->
</testng-results>
